# JRE version: OpenJDK Runtime Environment (8.0_74-b02) (build 1.8.0_74-b02)
# Java VM: OpenJDK 64-Bit Server VM (25.74-b02 mixed mode linux-amd64 compressed oops)
Heap:
 PSYoungGen      total 132096K, used 5104K [0x00000000eab00000, 0x00000000f3100000, 0x0000000100000000)
  eden space 126976K, 0% used [0x00000000eab00000,0x00000000eab00000,0x00000000f2700000)
  from space 5120K, 99% used [0x00000000f2700000,0x00000000f2bfc010,0x00000000f2c00000)
  to   space 5120K, 0% used [0x00000000f2c00000,0x00000000f2c00000,0x00000000f3100000)
 ParOldGen       total 55296K, used 17703K [0x00000000c0000000, 0x00000000c3600000, 0x00000000eab00000)
  object space 55296K, 32% used [0x00000000c0000000,0x00000000c1149e08,0x00000000c3600000)
 Metaspace       used 30937K, capacity 31392K, committed 31616K, reserved 1077248K
  class space    used 4178K, capacity 4353K, committed 4480K, reserved 1048576K
GC Heap History (10 events):
Event: 0.927 GC heap after
Heap after GC invocations=1 (full 0):
 PSYoungGen      total 36864K, used 3822K [0x00000000eab00000, 0x00000000ef300000, 0x0000000100000000)
  eden space 31744K, 0% used [0x00000000eab00000,0x00000000eab00000,0x00000000eca00000)
  from space 5120K, 74% used [0x00000000eca00000,0x00000000ecdbba10,0x00000000ecf00000)
  to   space 5120K, 0% used [0x00000000eee00000,0x00000000eee00000,0x00000000ef300000)
 ParOldGen       total 84992K, used 8K [0x00000000c0000000, 0x00000000c5300000, 0x00000000eab00000)
  object space 84992K, 0% used [0x00000000c0000000,0x00000000c0002000,0x00000000c5300000)
 Metaspace       used 5658K, capacity 6288K, committed 6528K, reserved 1056768K
  class space    used 727K, capacity 800K, committed 896K, reserved 1048576K
}
Event: 1.699 GC heap before
{Heap before GC invocations=2 (full 0):
 PSYoungGen      total 36864K, used 35566K [0x00000000eab00000, 0x00000000ef300000, 0x0000000100000000)
  eden space 31744K, 100% used [0x00000000eab00000,0x00000000eca00000,0x00000000eca00000)
  from space 5120K, 74% used [0x00000000eca00000,0x00000000ecdbba10,0x00000000ecf00000)
  to   space 5120K, 0% used [0x00000000eee00000,0x00000000eee00000,0x00000000ef300000)
 ParOldGen       total 84992K, used 8K [0x00000000c0000000, 0x00000000c5300000, 0x00000000eab00000)
  object space 84992K, 0% used [0x00000000c0000000,0x00000000c0002000,0x00000000c5300000)
 Metaspace       used 11852K, capacity 12126K, committed 12160K, reserved 1060864K
  class space    used 1566K, capacity 1637K, committed 1664K, reserved 1048576K
Event: 1.738 GC heap after
Heap after GC invocations=2 (full 0):
 PSYoungGen      total 68608K, used 5088K [0x00000000eab00000, 0x00000000ef300000, 0x0000000100000000)
  eden space 63488K, 0% used [0x00000000eab00000,0x00000000eab00000,0x00000000ee900000)
  from space 5120K, 99% used [0x00000000eee00000,0x00000000ef2f8260,0x00000000ef300000)
  to   space 5120K, 0% used [0x00000000ee900000,0x00000000ee900000,0x00000000eee00000)
 ParOldGen       total 84992K, used 1629K [0x00000000c0000000, 0x00000000c5300000, 0x00000000eab00000)
  object space 84992K, 1% used [0x00000000c0000000,0x00000000c01977c0,0x00000000c5300000)
 Metaspace       used 11852K, capacity 12126K, committed 12160K, reserved 1060864K
  class space    used 1566K, capacity 1637K, committed 1664K, reserved 1048576K
}
Event: 3.339 GC heap before
{Heap before GC invocations=3 (full 0):
 PSYoungGen      total 68608K, used 68576K [0x00000000eab00000, 0x00000000ef300000, 0x0000000100000000)
  eden space 63488K, 100% used [0x00000000eab00000,0x00000000ee900000,0x00000000ee900000)
  from space 5120K, 99% used [0x00000000eee00000,0x00000000ef2f8260,0x00000000ef300000)
  to   space 5120K, 0% used [0x00000000ee900000,0x00000000ee900000,0x00000000eee00000)
 ParOldGen       total 84992K, used 1629K [0x00000000c0000000, 0x00000000c5300000, 0x00000000eab00000)
  object space 84992K, 1% used [0x00000000c0000000,0x00000000c01977c0,0x00000000c5300000)
 Metaspace       used 19855K, capacity 20160K, committed 20480K, reserved 1067008K
  class space    used 2658K, capacity 2733K, committed 2816K, reserved 1048576K
Event: 3.427 GC heap after
Heap after GC invocations=3 (full 0):
 PSYoungGen      total 68608K, used 5088K [0x00000000eab00000, 0x00000000f3100000, 0x0000000100000000)
  eden space 63488K, 0% used [0x00000000eab00000,0x00000000eab00000,0x00000000ee900000)
  from space 5120K, 99% used [0x00000000ee900000,0x00000000eedf8040,0x00000000eee00000)
  to   space 5120K, 0% used [0x00000000f2c00000,0x00000000f2c00000,0x00000000f3100000)
 ParOldGen       total 84992K, used 8975K [0x00000000c0000000, 0x00000000c5300000, 0x00000000eab00000)
  object space 84992K, 10% used [0x00000000c0000000,0x00000000c08c3e60,0x00000000c5300000)
 Metaspace       used 19855K, capacity 20160K, committed 20480K, reserved 1067008K
  class space    used 2658K, capacity 2733K, committed 2816K, reserved 1048576K
}
Event: 3.596 GC heap before
{Heap before GC invocations=4 (full 0):
 PSYoungGen      total 68608K, used 15023K [0x00000000eab00000, 0x00000000f3100000, 0x0000000100000000)
  eden space 63488K, 15% used [0x00000000eab00000,0x00000000eb4b3cb8,0x00000000ee900000)
  from space 5120K, 99% used [0x00000000ee900000,0x00000000eedf8040,0x00000000eee00000)
  to   space 5120K, 0% used [0x00000000f2c00000,0x00000000f2c00000,0x00000000f3100000)
 ParOldGen       total 84992K, used 8975K [0x00000000c0000000, 0x00000000c5300000, 0x00000000eab00000)
  object space 84992K, 10% used [0x00000000c0000000,0x00000000c08c3e60,0x00000000c5300000)
 Metaspace       used 20866K, capacity 21160K, committed 21296K, reserved 1067008K
  class space    used 2778K, capacity 2873K, committed 2944K, reserved 1048576K
Event: 3.612 GC heap after
Heap after GC invocations=4 (full 0):
 PSYoungGen      total 132096K, used 5104K [0x00000000eab00000, 0x00000000f3100000, 0x0000000100000000)
  eden space 126976K, 0% used [0x00000000eab00000,0x00000000eab00000,0x00000000f2700000)
  from space 5120K, 99% used [0x00000000f2c00000,0x00000000f30fc030,0x00000000f3100000)
  to   space 5120K, 0% used [0x00000000f2700000,0x00000000f2700000,0x00000000f2c00000)
 ParOldGen       total 84992K, used 9985K [0x00000000c0000000, 0x00000000c5300000, 0x00000000eab00000)
  object space 84992K, 11% used [0x00000000c0000000,0x00000000c09c05e0,0x00000000c5300000)
 Metaspace       used 20866K, capacity 21160K, committed 21296K, reserved 1067008K
  class space    used 2778K, capacity 2873K, committed 2944K, reserved 1048576K
}
Event: 3.612 GC heap before
{Heap before GC invocations=5 (full 1):
 PSYoungGen      total 132096K, used 5104K [0x00000000eab00000, 0x00000000f3100000, 0x0000000100000000)
  eden space 126976K, 0% used [0x00000000eab00000,0x00000000eab00000,0x00000000f2700000)
  from space 5120K, 99% used [0x00000000f2c00000,0x00000000f30fc030,0x00000000f3100000)
  to   space 5120K, 0% used [0x00000000f2700000,0x00000000f2700000,0x00000000f2c00000)
 ParOldGen       total 84992K, used 9985K [0x00000000c0000000, 0x00000000c5300000, 0x00000000eab00000)
  object space 84992K, 11% used [0x00000000c0000000,0x00000000c09c05e0,0x00000000c5300000)
 Metaspace       used 20866K, capacity 21160K, committed 21296K, reserved 1067008K
  class space    used 2778K, capacity 2873K, committed 2944K, reserved 1048576K
Event: 3.678 GC heap after
Heap after GC invocations=5 (full 1):
 PSYoungGen      total 132096K, used 0K [0x00000000eab00000, 0x00000000f3100000, 0x0000000100000000)
  eden space 126976K, 0% used [0x00000000eab00000,0x00000000eab00000,0x00000000f2700000)
  from space 5120K, 0% used [0x00000000f2c00000,0x00000000f2c00000,0x00000000f3100000)
  to   space 5120K, 0% used [0x00000000f2700000,0x00000000f2700000,0x00000000f2c00000)
 ParOldGen       total 55296K, used 8246K [0x00000000c0000000, 0x00000000c3600000, 0x00000000eab00000)
  object space 55296K, 14% used [0x00000000c0000000,0x00000000c080d898,0x00000000c3600000)
 Metaspace       used 20866K, capacity 21160K, committed 21296K, reserved 1067008K
  class space    used 2778K, capacity 2873K, committed 2944K, reserved 1048576K
}
Event: 6.868 GC heap before
{Heap before GC invocations=6 (full 1):
 PSYoungGen      total 132096K, used 126976K [0x00000000eab00000, 0x00000000f3100000, 0x0000000100000000)
  eden space 126976K, 100% used [0x00000000eab00000,0x00000000f2700000,0x00000000f2700000)
  from space 5120K, 0% used [0x00000000f2c00000,0x00000000f2c00000,0x00000000f3100000)
  to   space 5120K, 0% used [0x00000000f2700000,0x00000000f2700000,0x00000000f2c00000)
 ParOldGen       total 55296K, used 8246K [0x00000000c0000000, 0x00000000c3600000, 0x00000000eab00000)
  object space 55296K, 14% used [0x00000000c0000000,0x00000000c080d898,0x00000000c3600000)
 Metaspace       used 30937K, capacity 31392K, committed 31616K, reserved 1077248K
  class space    used 4178K, capacity 4353K, committed 4480K, reserved 1048576K

